CRITICAL - 2023-06-25 11:29:53 --> Undefined variable $profile
in APPPATH\Views\profile\edit.php on line 6.
 1 APPPATH\Views\profile\edit.php(6): CodeIgniter\Debug\Exceptions->errorHandler(2, 'Undefined variable $profile', 'C:\\codeigniter\\demo1\\app\\Views\\profile\\edit.php', 6)
 2 SYSTEMPATH\View\View.php(224): include('C:\\codeigniter\\demo1\\app\\Views\\profile\\edit.php')
 3 SYSTEMPATH\View\View.php(227): CodeIgniter\View\View->CodeIgniter\View\{closure}()
 4 SYSTEMPATH\Common.php(1180): CodeIgniter\View\View->render('profile/edit', [], true)
 5 APPPATH\Controllers\ProfileController.php(42): view('profile/edit', [...])
 6 SYSTEMPATH\CodeIgniter.php(932): App\Controllers\ProfileController->edit('1')
 7 SYSTEMPATH\CodeIgniter.php(497): CodeIgniter\CodeIgniter->runController(Object(App\Controllers\ProfileController))
 8 SYSTEMPATH\CodeIgniter.php(366): CodeIgniter\CodeIgniter->handleRequest(null, Object(Config\Cache), false)
 9 FCPATH\index.php(67): CodeIgniter\CodeIgniter->run()
10 SYSTEMPATH\Commands\Server\rewrite.php(47): require_once('C:\\codeigniter\\demo1\\public\\index.php')
CRITICAL - 2023-06-25 11:37:23 --> Trying to access array offset on value of type null
in APPPATH\Views\profile\edit.php on line 6.
 1 APPPATH\Views\profile\edit.php(6): CodeIgniter\Debug\Exceptions->errorHandler(2, 'Trying to access array offset on value of type null', 'C:\\codeigniter\\demo1\\app\\Views\\profile\\edit.php', 6)
 2 SYSTEMPATH\View\View.php(224): include('C:\\codeigniter\\demo1\\app\\Views\\profile\\edit.php')
 3 SYSTEMPATH\View\View.php(227): CodeIgniter\View\View->CodeIgniter\View\{closure}()
 4 SYSTEMPATH\Common.php(1180): CodeIgniter\View\View->render('profile/edit', [], true)
 5 APPPATH\Controllers\ProfileController.php(42): view('profile/edit', [...])
 6 SYSTEMPATH\CodeIgniter.php(932): App\Controllers\ProfileController->edit('1')
 7 SYSTEMPATH\CodeIgniter.php(497): CodeIgniter\CodeIgniter->runController(Object(App\Controllers\ProfileController))
 8 SYSTEMPATH\CodeIgniter.php(366): CodeIgniter\CodeIgniter->handleRequest(null, Object(Config\Cache), false)
 9 FCPATH\index.php(67): CodeIgniter\CodeIgniter->run()
10 SYSTEMPATH\Commands\Server\rewrite.php(47): require_once('C:\\codeigniter\\demo1\\public\\index.php')
ERROR - 2023-06-25 11:42:43 --> mysqli_sql_exception: Table 'kentjeremai3.profiles' doesn't exist in C:\codeigniter\demo1\system\Database\MySQLi\Connection.php:295
Stack trace:
#0 C:\codeigniter\demo1\system\Database\MySQLi\Connection.php(295): mysqli->query('SELECT *\nFROM `...', 0)
#1 C:\codeigniter\demo1\system\Database\BaseConnection.php(692): CodeIgniter\Database\MySQLi\Connection->execute('SELECT *\nFROM `...')
#2 C:\codeigniter\demo1\system\Database\BaseConnection.php(606): CodeIgniter\Database\BaseConnection->simpleQuery('SELECT *\nFROM `...')
#3 C:\codeigniter\demo1\system\Database\BaseBuilder.php(1616): CodeIgniter\Database\BaseConnection->query('SELECT *\nFROM `...', Array, false)
#4 C:\codeigniter\demo1\system\Model.php(241): CodeIgniter\Database\BaseBuilder->get()
#5 C:\codeigniter\demo1\system\BaseModel.php(618): CodeIgniter\Model->doFindAll(0, 0)
#6 C:\codeigniter\demo1\app\Controllers\ProfileController.php(18): CodeIgniter\BaseModel->findAll()
#7 C:\codeigniter\demo1\system\CodeIgniter.php(932): App\Controllers\ProfileController->index()
#8 C:\codeigniter\demo1\system\CodeIgniter.php(497): CodeIgniter\CodeIgniter->runController(Object(App\Controllers\ProfileController))
#9 C:\codeigniter\demo1\system\CodeIgniter.php(366): CodeIgniter\CodeIgniter->handleRequest(NULL, Object(Config\Cache), false)
#10 C:\codeigniter\demo1\public\index.php(67): CodeIgniter\CodeIgniter->run()
#11 C:\codeigniter\demo1\system\Commands\Server\rewrite.php(47): require_once('C:\\codeigniter\\...')
#12 {main}
CRITICAL - 2023-06-25 11:42:43 --> Table 'kentjeremai3.profiles' doesn't exist
in SYSTEMPATH\Database\MySQLi\Connection.php on line 295.
 1 SYSTEMPATH\Database\MySQLi\Connection.php(295): mysqli->query('SELECT *
FROM `profiles`', 0)
 2 SYSTEMPATH\Database\BaseConnection.php(692): CodeIgniter\Database\MySQLi\Connection->execute('SELECT *
FROM `profiles`')
 3 SYSTEMPATH\Database\BaseConnection.php(606): CodeIgniter\Database\BaseConnection->simpleQuery('SELECT *
FROM `profiles`')
 4 SYSTEMPATH\Database\BaseBuilder.php(1616): CodeIgniter\Database\BaseConnection->query('SELECT *
FROM `profiles`', [], false)
 5 SYSTEMPATH\Model.php(241): CodeIgniter\Database\BaseBuilder->get()
 6 SYSTEMPATH\BaseModel.php(618): CodeIgniter\Model->doFindAll(0, 0)
 7 APPPATH\Controllers\ProfileController.php(18): CodeIgniter\BaseModel->findAll()
 8 SYSTEMPATH\CodeIgniter.php(932): App\Controllers\ProfileController->index()
 9 SYSTEMPATH\CodeIgniter.php(497): CodeIgniter\CodeIgniter->runController(Object(App\Controllers\ProfileController))
10 SYSTEMPATH\CodeIgniter.php(366): CodeIgniter\CodeIgniter->handleRequest(null, Object(Config\Cache), false)
11 FCPATH\index.php(67): CodeIgniter\CodeIgniter->run()
12 SYSTEMPATH\Commands\Server\rewrite.php(47): require_once('C:\\codeigniter\\demo1\\public\\index.php')
ERROR - 2023-06-25 11:43:31 --> mysqli_sql_exception: Table 'kentjeremai3.profiles' doesn't exist in C:\codeigniter\demo1\system\Database\MySQLi\Connection.php:295
Stack trace:
#0 C:\codeigniter\demo1\system\Database\MySQLi\Connection.php(295): mysqli->query('SELECT *\nFROM `...', 0)
#1 C:\codeigniter\demo1\system\Database\BaseConnection.php(692): CodeIgniter\Database\MySQLi\Connection->execute('SELECT *\nFROM `...')
#2 C:\codeigniter\demo1\system\Database\BaseConnection.php(606): CodeIgniter\Database\BaseConnection->simpleQuery('SELECT *\nFROM `...')
#3 C:\codeigniter\demo1\system\Database\BaseBuilder.php(1616): CodeIgniter\Database\BaseConnection->query('SELECT *\nFROM `...', Array, false)
#4 C:\codeigniter\demo1\system\Model.php(241): CodeIgniter\Database\BaseBuilder->get()
#5 C:\codeigniter\demo1\system\BaseModel.php(618): CodeIgniter\Model->doFindAll(0, 0)
#6 C:\codeigniter\demo1\app\Controllers\ProfileController.php(18): CodeIgniter\BaseModel->findAll()
#7 C:\codeigniter\demo1\system\CodeIgniter.php(932): App\Controllers\ProfileController->index()
#8 C:\codeigniter\demo1\system\CodeIgniter.php(497): CodeIgniter\CodeIgniter->runController(Object(App\Controllers\ProfileController))
#9 C:\codeigniter\demo1\system\CodeIgniter.php(366): CodeIgniter\CodeIgniter->handleRequest(NULL, Object(Config\Cache), false)
#10 C:\codeigniter\demo1\public\index.php(67): CodeIgniter\CodeIgniter->run()
#11 C:\codeigniter\demo1\system\Commands\Server\rewrite.php(47): require_once('C:\\codeigniter\\...')
#12 {main}
CRITICAL - 2023-06-25 11:43:31 --> Table 'kentjeremai3.profiles' doesn't exist
in SYSTEMPATH\Database\MySQLi\Connection.php on line 295.
 1 SYSTEMPATH\Database\MySQLi\Connection.php(295): mysqli->query('SELECT *
FROM `profiles`', 0)
 2 SYSTEMPATH\Database\BaseConnection.php(692): CodeIgniter\Database\MySQLi\Connection->execute('SELECT *
FROM `profiles`')
 3 SYSTEMPATH\Database\BaseConnection.php(606): CodeIgniter\Database\BaseConnection->simpleQuery('SELECT *
FROM `profiles`')
 4 SYSTEMPATH\Database\BaseBuilder.php(1616): CodeIgniter\Database\BaseConnection->query('SELECT *
FROM `profiles`', [], false)
 5 SYSTEMPATH\Model.php(241): CodeIgniter\Database\BaseBuilder->get()
 6 SYSTEMPATH\BaseModel.php(618): CodeIgniter\Model->doFindAll(0, 0)
 7 APPPATH\Controllers\ProfileController.php(18): CodeIgniter\BaseModel->findAll()
 8 SYSTEMPATH\CodeIgniter.php(932): App\Controllers\ProfileController->index()
 9 SYSTEMPATH\CodeIgniter.php(497): CodeIgniter\CodeIgniter->runController(Object(App\Controllers\ProfileController))
10 SYSTEMPATH\CodeIgniter.php(366): CodeIgniter\CodeIgniter->handleRequest(null, Object(Config\Cache), false)
11 FCPATH\index.php(67): CodeIgniter\CodeIgniter->run()
12 SYSTEMPATH\Commands\Server\rewrite.php(47): require_once('C:\\codeigniter\\demo1\\public\\index.php')
ERROR - 2023-06-25 11:43:32 --> mysqli_sql_exception: Table 'kentjeremai3.profiles' doesn't exist in C:\codeigniter\demo1\system\Database\MySQLi\Connection.php:295
Stack trace:
#0 C:\codeigniter\demo1\system\Database\MySQLi\Connection.php(295): mysqli->query('SELECT *\nFROM `...', 0)
#1 C:\codeigniter\demo1\system\Database\BaseConnection.php(692): CodeIgniter\Database\MySQLi\Connection->execute('SELECT *\nFROM `...')
#2 C:\codeigniter\demo1\system\Database\BaseConnection.php(606): CodeIgniter\Database\BaseConnection->simpleQuery('SELECT *\nFROM `...')
#3 C:\codeigniter\demo1\system\Database\BaseBuilder.php(1616): CodeIgniter\Database\BaseConnection->query('SELECT *\nFROM `...', Array, false)
#4 C:\codeigniter\demo1\system\Model.php(241): CodeIgniter\Database\BaseBuilder->get()
#5 C:\codeigniter\demo1\system\BaseModel.php(618): CodeIgniter\Model->doFindAll(0, 0)
#6 C:\codeigniter\demo1\app\Controllers\ProfileController.php(18): CodeIgniter\BaseModel->findAll()
#7 C:\codeigniter\demo1\system\CodeIgniter.php(932): App\Controllers\ProfileController->index()
#8 C:\codeigniter\demo1\system\CodeIgniter.php(497): CodeIgniter\CodeIgniter->runController(Object(App\Controllers\ProfileController))
#9 C:\codeigniter\demo1\system\CodeIgniter.php(366): CodeIgniter\CodeIgniter->handleRequest(NULL, Object(Config\Cache), false)
#10 C:\codeigniter\demo1\public\index.php(67): CodeIgniter\CodeIgniter->run()
#11 C:\codeigniter\demo1\system\Commands\Server\rewrite.php(47): require_once('C:\\codeigniter\\...')
#12 {main}
CRITICAL - 2023-06-25 11:43:32 --> Table 'kentjeremai3.profiles' doesn't exist
in SYSTEMPATH\Database\MySQLi\Connection.php on line 295.
 1 SYSTEMPATH\Database\MySQLi\Connection.php(295): mysqli->query('SELECT *
FROM `profiles`', 0)
 2 SYSTEMPATH\Database\BaseConnection.php(692): CodeIgniter\Database\MySQLi\Connection->execute('SELECT *
FROM `profiles`')
 3 SYSTEMPATH\Database\BaseConnection.php(606): CodeIgniter\Database\BaseConnection->simpleQuery('SELECT *
FROM `profiles`')
 4 SYSTEMPATH\Database\BaseBuilder.php(1616): CodeIgniter\Database\BaseConnection->query('SELECT *
FROM `profiles`', [], false)
 5 SYSTEMPATH\Model.php(241): CodeIgniter\Database\BaseBuilder->get()
 6 SYSTEMPATH\BaseModel.php(618): CodeIgniter\Model->doFindAll(0, 0)
 7 APPPATH\Controllers\ProfileController.php(18): CodeIgniter\BaseModel->findAll()
 8 SYSTEMPATH\CodeIgniter.php(932): App\Controllers\ProfileController->index()
 9 SYSTEMPATH\CodeIgniter.php(497): CodeIgniter\CodeIgniter->runController(Object(App\Controllers\ProfileController))
10 SYSTEMPATH\CodeIgniter.php(366): CodeIgniter\CodeIgniter->handleRequest(null, Object(Config\Cache), false)
11 FCPATH\index.php(67): CodeIgniter\CodeIgniter->run()
12 SYSTEMPATH\Commands\Server\rewrite.php(47): require_once('C:\\codeigniter\\demo1\\public\\index.php')
ERROR - 2023-06-25 11:43:32 --> mysqli_sql_exception: Table 'kentjeremai3.profiles' doesn't exist in C:\codeigniter\demo1\system\Database\MySQLi\Connection.php:295
Stack trace:
#0 C:\codeigniter\demo1\system\Database\MySQLi\Connection.php(295): mysqli->query('SELECT *\nFROM `...', 0)
#1 C:\codeigniter\demo1\system\Database\BaseConnection.php(692): CodeIgniter\Database\MySQLi\Connection->execute('SELECT *\nFROM `...')
#2 C:\codeigniter\demo1\system\Database\BaseConnection.php(606): CodeIgniter\Database\BaseConnection->simpleQuery('SELECT *\nFROM `...')
#3 C:\codeigniter\demo1\system\Database\BaseBuilder.php(1616): CodeIgniter\Database\BaseConnection->query('SELECT *\nFROM `...', Array, false)
#4 C:\codeigniter\demo1\system\Model.php(241): CodeIgniter\Database\BaseBuilder->get()
#5 C:\codeigniter\demo1\system\BaseModel.php(618): CodeIgniter\Model->doFindAll(0, 0)
#6 C:\codeigniter\demo1\app\Controllers\ProfileController.php(18): CodeIgniter\BaseModel->findAll()
#7 C:\codeigniter\demo1\system\CodeIgniter.php(932): App\Controllers\ProfileController->index()
#8 C:\codeigniter\demo1\system\CodeIgniter.php(497): CodeIgniter\CodeIgniter->runController(Object(App\Controllers\ProfileController))
#9 C:\codeigniter\demo1\system\CodeIgniter.php(366): CodeIgniter\CodeIgniter->handleRequest(NULL, Object(Config\Cache), false)
#10 C:\codeigniter\demo1\public\index.php(67): CodeIgniter\CodeIgniter->run()
#11 C:\codeigniter\demo1\system\Commands\Server\rewrite.php(47): require_once('C:\\codeigniter\\...')
#12 {main}
CRITICAL - 2023-06-25 11:43:32 --> Table 'kentjeremai3.profiles' doesn't exist
in SYSTEMPATH\Database\MySQLi\Connection.php on line 295.
 1 SYSTEMPATH\Database\MySQLi\Connection.php(295): mysqli->query('SELECT *
FROM `profiles`', 0)
 2 SYSTEMPATH\Database\BaseConnection.php(692): CodeIgniter\Database\MySQLi\Connection->execute('SELECT *
FROM `profiles`')
 3 SYSTEMPATH\Database\BaseConnection.php(606): CodeIgniter\Database\BaseConnection->simpleQuery('SELECT *
FROM `profiles`')
 4 SYSTEMPATH\Database\BaseBuilder.php(1616): CodeIgniter\Database\BaseConnection->query('SELECT *
FROM `profiles`', [], false)
 5 SYSTEMPATH\Model.php(241): CodeIgniter\Database\BaseBuilder->get()
 6 SYSTEMPATH\BaseModel.php(618): CodeIgniter\Model->doFindAll(0, 0)
 7 APPPATH\Controllers\ProfileController.php(18): CodeIgniter\BaseModel->findAll()
 8 SYSTEMPATH\CodeIgniter.php(932): App\Controllers\ProfileController->index()
 9 SYSTEMPATH\CodeIgniter.php(497): CodeIgniter\CodeIgniter->runController(Object(App\Controllers\ProfileController))
10 SYSTEMPATH\CodeIgniter.php(366): CodeIgniter\CodeIgniter->handleRequest(null, Object(Config\Cache), false)
11 FCPATH\index.php(67): CodeIgniter\CodeIgniter->run()
12 SYSTEMPATH\Commands\Server\rewrite.php(47): require_once('C:\\codeigniter\\demo1\\public\\index.php')
ERROR - 2023-06-25 11:43:32 --> mysqli_sql_exception: Table 'kentjeremai3.profiles' doesn't exist in C:\codeigniter\demo1\system\Database\MySQLi\Connection.php:295
Stack trace:
#0 C:\codeigniter\demo1\system\Database\MySQLi\Connection.php(295): mysqli->query('SELECT *\nFROM `...', 0)
#1 C:\codeigniter\demo1\system\Database\BaseConnection.php(692): CodeIgniter\Database\MySQLi\Connection->execute('SELECT *\nFROM `...')
#2 C:\codeigniter\demo1\system\Database\BaseConnection.php(606): CodeIgniter\Database\BaseConnection->simpleQuery('SELECT *\nFROM `...')
#3 C:\codeigniter\demo1\system\Database\BaseBuilder.php(1616): CodeIgniter\Database\BaseConnection->query('SELECT *\nFROM `...', Array, false)
#4 C:\codeigniter\demo1\system\Model.php(241): CodeIgniter\Database\BaseBuilder->get()
#5 C:\codeigniter\demo1\system\BaseModel.php(618): CodeIgniter\Model->doFindAll(0, 0)
#6 C:\codeigniter\demo1\app\Controllers\ProfileController.php(18): CodeIgniter\BaseModel->findAll()
#7 C:\codeigniter\demo1\system\CodeIgniter.php(932): App\Controllers\ProfileController->index()
#8 C:\codeigniter\demo1\system\CodeIgniter.php(497): CodeIgniter\CodeIgniter->runController(Object(App\Controllers\ProfileController))
#9 C:\codeigniter\demo1\system\CodeIgniter.php(366): CodeIgniter\CodeIgniter->handleRequest(NULL, Object(Config\Cache), false)
#10 C:\codeigniter\demo1\public\index.php(67): CodeIgniter\CodeIgniter->run()
#11 C:\codeigniter\demo1\system\Commands\Server\rewrite.php(47): require_once('C:\\codeigniter\\...')
#12 {main}
CRITICAL - 2023-06-25 11:43:32 --> Table 'kentjeremai3.profiles' doesn't exist
in SYSTEMPATH\Database\MySQLi\Connection.php on line 295.
 1 SYSTEMPATH\Database\MySQLi\Connection.php(295): mysqli->query('SELECT *
FROM `profiles`', 0)
 2 SYSTEMPATH\Database\BaseConnection.php(692): CodeIgniter\Database\MySQLi\Connection->execute('SELECT *
FROM `profiles`')
 3 SYSTEMPATH\Database\BaseConnection.php(606): CodeIgniter\Database\BaseConnection->simpleQuery('SELECT *
FROM `profiles`')
 4 SYSTEMPATH\Database\BaseBuilder.php(1616): CodeIgniter\Database\BaseConnection->query('SELECT *
FROM `profiles`', [], false)
 5 SYSTEMPATH\Model.php(241): CodeIgniter\Database\BaseBuilder->get()
 6 SYSTEMPATH\BaseModel.php(618): CodeIgniter\Model->doFindAll(0, 0)
 7 APPPATH\Controllers\ProfileController.php(18): CodeIgniter\BaseModel->findAll()
 8 SYSTEMPATH\CodeIgniter.php(932): App\Controllers\ProfileController->index()
 9 SYSTEMPATH\CodeIgniter.php(497): CodeIgniter\CodeIgniter->runController(Object(App\Controllers\ProfileController))
10 SYSTEMPATH\CodeIgniter.php(366): CodeIgniter\CodeIgniter->handleRequest(null, Object(Config\Cache), false)
11 FCPATH\index.php(67): CodeIgniter\CodeIgniter->run()
12 SYSTEMPATH\Commands\Server\rewrite.php(47): require_once('C:\\codeigniter\\demo1\\public\\index.php')
CRITICAL - 2023-06-25 11:56:55 --> Trying to access array offset on value of type null
in APPPATH\Views\profile\edit.php on line 7.
 1 APPPATH\Views\profile\edit.php(7): CodeIgniter\Debug\Exceptions->errorHandler(2, 'Trying to access array offset on value of type null', 'C:\\codeigniter\\demo1\\app\\Views\\profile\\edit.php', 7)
 2 SYSTEMPATH\View\View.php(224): include('C:\\codeigniter\\demo1\\app\\Views\\profile\\edit.php')
 3 SYSTEMPATH\View\View.php(227): CodeIgniter\View\View->CodeIgniter\View\{closure}()
 4 SYSTEMPATH\Common.php(1180): CodeIgniter\View\View->render('profile/edit', [], true)
 5 APPPATH\Controllers\ProfileController.php(42): view('profile/edit', [...])
 6 SYSTEMPATH\CodeIgniter.php(932): App\Controllers\ProfileController->edit('1')
 7 SYSTEMPATH\CodeIgniter.php(497): CodeIgniter\CodeIgniter->runController(Object(App\Controllers\ProfileController))
 8 SYSTEMPATH\CodeIgniter.php(366): CodeIgniter\CodeIgniter->handleRequest(null, Object(Config\Cache), false)
 9 FCPATH\index.php(67): CodeIgniter\CodeIgniter->run()
10 SYSTEMPATH\Commands\Server\rewrite.php(47): require_once('C:\\codeigniter\\demo1\\public\\index.php')
CRITICAL - 2023-06-25 11:56:56 --> Trying to access array offset on value of type null
in APPPATH\Views\profile\edit.php on line 7.
 1 APPPATH\Views\profile\edit.php(7): CodeIgniter\Debug\Exceptions->errorHandler(2, 'Trying to access array offset on value of type null', 'C:\\codeigniter\\demo1\\app\\Views\\profile\\edit.php', 7)
 2 SYSTEMPATH\View\View.php(224): include('C:\\codeigniter\\demo1\\app\\Views\\profile\\edit.php')
 3 SYSTEMPATH\View\View.php(227): CodeIgniter\View\View->CodeIgniter\View\{closure}()
 4 SYSTEMPATH\Common.php(1180): CodeIgniter\View\View->render('profile/edit', [], true)
 5 APPPATH\Controllers\ProfileController.php(42): view('profile/edit', [...])
 6 SYSTEMPATH\CodeIgniter.php(932): App\Controllers\ProfileController->edit('1')
 7 SYSTEMPATH\CodeIgniter.php(497): CodeIgniter\CodeIgniter->runController(Object(App\Controllers\ProfileController))
 8 SYSTEMPATH\CodeIgniter.php(366): CodeIgniter\CodeIgniter->handleRequest(null, Object(Config\Cache), false)
 9 FCPATH\index.php(67): CodeIgniter\CodeIgniter->run()
10 SYSTEMPATH\Commands\Server\rewrite.php(47): require_once('C:\\codeigniter\\demo1\\public\\index.php')
